2023-02-17 12:56:02,490:INFO:PyCaret Supervised Module
2023-02-17 12:56:02,490:INFO:ML Usecase: classification
2023-02-17 12:56:02,490:INFO:version 2.3.10
2023-02-17 12:56:02,490:INFO:Initializing setup()
2023-02-17 12:56:02,491:INFO:setup(target=miner, ml_usecase=classification, available_plots={'parameter': 'Hyperparameters', 'auc': 'AUC', 'confusion_matrix': 'Confusion Matrix', 'threshold': 'Threshold', 'pr': 'Precision Recall', 'error': 'Prediction Error', 'class_report': 'Class Report', 'rfe': 'Feature Selection', 'learning': 'Learning Curve', 'manifold': 'Manifold Learning', 'calibration': 'Calibration Curve', 'vc': 'Validation Curve', 'dimension': 'Dimensions', 'feature': 'Feature Importance', 'feature_all': 'Feature Importance (All)', 'boundary': 'Decision Boundary', 'lift': 'Lift Chart', 'gain': 'Gain Chart', 'tree': 'Decision Tree', 'ks': 'KS Statistic Plot'}, train_size=0.7, test_data=None, preprocess=True, imputation_type=simple, iterative_imputation_iters=5, categorical_features=None, categorical_imputation=constant, categorical_iterative_imputer=lightgbm, ordinal_features=None, high_cardinality_features=None, high_cardinality_method=frequency, numeric_features=None, numeric_imputation=mean, numeric_iterative_imputer=lightgbm, date_features=None, ignore_features=None, normalize=False, normalize_method=zscore, transformation=False, transformation_method=yeo-johnson, handle_unknown_categorical=True, unknown_categorical_method=least_frequent, pca=False, pca_method=linear, pca_components=None, ignore_low_variance=False, combine_rare_levels=False, rare_level_threshold=0.1, bin_numeric_features=None, remove_outliers=False, outliers_threshold=0.05, remove_multicollinearity=False, multicollinearity_threshold=0.9, remove_perfect_collinearity=True, create_clusters=False, cluster_iter=20, polynomial_features=False, polynomial_degree=2, trigonometry_features=False, polynomial_threshold=0.1, group_features=None, group_names=None, feature_selection=False, feature_selection_threshold=0.8, feature_selection_method=classic, feature_interaction=False, feature_ratio=False, interaction_threshold=0.01, fix_imbalance=False, fix_imbalance_method=None, transform_target=False, transform_target_method=box-cox, data_split_shuffle=True, data_split_stratify=False, fold_strategy=kfold, fold=5, fold_shuffle=False, fold_groups=None, n_jobs=-1, use_gpu=True, custom_pipeline=None, html=True, session_id=None, log_experiment=False, experiment_name=None, experiment_custom_tags=None, log_plots=False, log_profile=False, log_data=False, silent=False, verbose=True, profile=False, profile_kwargs=None, display=None)
2023-02-17 12:56:02,491:INFO:Checking environment
2023-02-17 12:56:02,491:INFO:python_version: 3.7.16
2023-02-17 12:56:02,491:INFO:python_build: ('default', 'Jan  4 2023 20:37:25')
2023-02-17 12:56:02,491:INFO:machine: x86_64
2023-02-17 12:56:02,491:INFO:platform: Linux-5.15.93-1-MANJARO-x86_64-with-arch-Manjaro-Linux
2023-02-17 12:56:02,491:INFO:Memory: svmem(total=16101408768, available=12699033600, percent=21.1, used=3003572224, free=11058864128, active=589373440, inactive=3263258624, buffers=202981376, cached=1835991040, shared=56434688, slab=393924608)
2023-02-17 12:56:02,492:INFO:Physical Core: 8
2023-02-17 12:56:02,492:INFO:Logical Core: 16
2023-02-17 12:56:02,492:INFO:Checking libraries
2023-02-17 12:56:02,492:INFO:pd==1.3.5
2023-02-17 12:56:02,492:INFO:numpy==1.19.5
2023-02-17 12:56:02,492:INFO:sklearn==0.23.2
2023-02-17 12:56:02,492:INFO:lightgbm==2.3.1
2023-02-17 12:56:02,493:WARNING:catboost not found
2023-02-17 12:56:02,493:WARNING:xgboost not found
2023-02-17 12:56:02,493:INFO:mlflow==1.30.0
2023-02-17 12:56:02,493:INFO:Checking Exceptions
2023-02-17 12:56:02,493:INFO:Declaring global variables
2023-02-17 12:56:02,493:INFO:USI: 144f
2023-02-17 12:56:02,493:INFO:pycaret_globals: {'log_plots_param', '_all_models_internal', 'fold_groups_param_full', 'experiment__', 'y_test', 'display_container', '_available_plots', 'dashboard_logger', 'fold_generator', 'fold_param', 'transform_target_method_param', '_all_models', 'fold_groups_param', 'iterative_imputation_iters_param', 'USI', 'fix_imbalance_param', 'master_model_container', 'y', '_internal_pipeline', 'html_param', 'n_jobs_param', 'imputation_regressor', 'fix_imbalance_method_param', 'data_before_preprocess', 'exp_name_log', 'gpu_param', 'X_train', 'fold_shuffle_param', 'prep_pipe', 'seed', '_gpu_n_jobs_param', 'y_train', 'stratify_param', '_all_metrics', 'logging_param', 'X', 'create_model_container', '_ml_usecase', 'target_param', 'pycaret_globals', 'X_test', 'imputation_classifier', 'transform_target_param'}
2023-02-17 12:56:02,493:INFO:Preparing display monitor
2023-02-17 12:56:02,493:INFO:Preparing display monitor
2023-02-17 12:56:02,500:INFO:Importing libraries
2023-02-17 12:56:02,501:INFO:Copying data for preprocessing
2023-02-17 12:56:02,508:INFO:Declaring preprocessing parameters
2023-02-17 12:56:02,508:WARNING:cuML not found
2023-02-17 12:56:02,508:WARNING:cuML is outdated or not found. Required version is >=0.15, got 2.3.1
2023-02-17 12:56:02,510:INFO:Creating preprocessing pipeline
2023-02-17 12:56:02,530:INFO:Preprocessing pipeline created successfully
2023-02-17 12:56:02,531:ERROR:(Process Exit): setup has been interupted with user command 'quit'. setup must rerun.
2023-02-17 12:56:02,531:INFO:Creating global containers
2023-02-17 12:56:02,532:INFO:Internal pipeline: Pipeline(memory=None, steps=[('empty_step', 'passthrough')], verbose=False)
2023-02-17 12:56:04,585:WARNING:Couldn't import cuml.linear_model.LogisticRegression
2023-02-17 12:56:04,619:WARNING:Couldn't import cuml.neighbors.KNeighborsClassifier
2023-02-17 12:56:04,632:WARNING:Couldn't import cuml.MBSGDClassifier
2023-02-17 12:56:04,633:WARNING:Couldn't import cuml.svm.SVC
2023-02-17 12:56:04,652:WARNING:Couldn't import cuml.linear_model
2023-02-17 12:56:04,656:WARNING:Couldn't import cuml.ensemble
2023-02-17 12:56:04,660:WARNING:Couldn't import xgboost.XGBClassifier
2023-02-17 12:56:04,667:WARNING:Couldn't import catboost.CatBoostClassifier
2023-02-17 12:56:04,668:WARNING:Couldn't import cuml.linear_model.LogisticRegression
2023-02-17 12:56:04,703:WARNING:Couldn't import cuml.neighbors.KNeighborsClassifier
2023-02-17 12:56:04,703:WARNING:Couldn't import cuml.MBSGDClassifier
2023-02-17 12:56:04,704:WARNING:Couldn't import cuml.svm.SVC
2023-02-17 12:56:04,721:WARNING:Couldn't import cuml.linear_model
2023-02-17 12:56:04,725:WARNING:Couldn't import cuml.ensemble
2023-02-17 12:56:04,726:WARNING:Couldn't import xgboost.XGBClassifier
2023-02-17 12:56:04,729:WARNING:Couldn't import catboost.CatBoostClassifier
2023-02-17 12:56:04,729:INFO:Creating grid variables
2023-02-17 12:56:04,740:INFO:create_model_container: 0
2023-02-17 12:56:04,740:INFO:master_model_container: 0
2023-02-17 12:56:04,740:INFO:display_container: 1
2023-02-17 12:56:04,744:INFO:Pipeline(memory=None,
         steps=[('dtypes',
                 DataTypes_Auto_infer(categorical_features=[],
                                      display_types=True, features_todrop=[],
                                      id_columns=[],
                                      ml_usecase='classification',
                                      numerical_features=[], target='miner',
                                      time_features=[])),
                ('imputer',
                 Simple_Imputer(categorical_strategy='not_available',
                                fill_value_categorical=None,
                                fill_value_numerical=None,
                                numeric_strate...
                ('scaling', 'passthrough'), ('P_transform', 'passthrough'),
                ('binn', 'passthrough'), ('rem_outliers', 'passthrough'),
                ('cluster_all', 'passthrough'),
                ('dummy', Dummify(target='miner')),
                ('fix_perfect', Remove_100(target='miner')),
                ('clean_names', Clean_Colum_Names()),
                ('feature_select', 'passthrough'), ('fix_multi', 'passthrough'),
                ('dfs', 'passthrough'), ('pca', 'passthrough')],
         verbose=False)
2023-02-17 12:56:04,744:INFO:setup() succesfully completed......................................
2023-02-17 12:56:04,984:INFO:Initializing compare_models()
2023-02-17 12:56:04,984:INFO:compare_models(include=None, fold=None, round=4, cross_validation=True, sort=Accuracy, n_select=1, budget_time=None, turbo=True, errors=ignore, fit_kwargs=None, groups=None, experiment_custom_tags=None, probability_threshold=None, verbose=True, display=None, exclude=None)
2023-02-17 12:56:04,984:INFO:Checking exceptions
2023-02-17 12:56:04,986:INFO:Preparing display monitor
2023-02-17 12:56:04,986:INFO:Preparing display monitor
2023-02-17 12:56:05,010:INFO:Initializing Logistic Regression
2023-02-17 12:56:05,011:INFO:Total runtime is 8.153915405273438e-06 minutes
2023-02-17 12:56:05,018:INFO:SubProcess create_model() called ==================================
2023-02-17 12:56:05,018:INFO:Initializing create_model()
2023-02-17 12:56:05,019:INFO:create_model(estimator=lr, fold=KFold(n_splits=5, random_state=None, shuffle=False), round=4, cross_validation=True, predict=True, fit_kwargs={}, groups=None, refit=False, verbose=False, system=False, metrics=None, experiment_custom_tags=None, add_to_model_list=True, probability_threshold=None, display=<pycaret.internal.Display.Display object at 0x7f29b3f86f50>, return_train_score=False, kwargs={})
2023-02-17 12:56:05,019:INFO:Checking exceptions
2023-02-17 12:56:05,019:INFO:Importing libraries
2023-02-17 12:56:05,019:INFO:Copying training dataset
2023-02-17 12:56:05,020:INFO:Defining folds
2023-02-17 12:56:05,020:INFO:Declaring metric variables
2023-02-17 12:56:05,029:INFO:Importing untrained model
2023-02-17 12:56:05,037:INFO:Logistic Regression Imported succesfully
2023-02-17 12:56:05,053:INFO:Starting cross validation
2023-02-17 12:56:05,054:INFO:Cross validating with KFold(n_splits=5, random_state=None, shuffle=False), n_jobs=1
2023-02-17 12:56:06,277:INFO:Calculating mean and std
2023-02-17 12:56:06,279:INFO:Creating metrics dataframe
2023-02-17 12:56:06,287:INFO:Uploading results into container
2023-02-17 12:56:06,288:INFO:Uploading model into container now
2023-02-17 12:56:06,288:INFO:create_model_container: 1
2023-02-17 12:56:06,288:INFO:master_model_container: 1
2023-02-17 12:56:06,289:INFO:display_container: 2
2023-02-17 12:56:06,290:INFO:LogisticRegression(C=1.0, class_weight=None, dual=False, fit_intercept=True,
                   intercept_scaling=1, l1_ratio=None, max_iter=1000,
                   multi_class='auto', n_jobs=None, penalty='l2',
                   random_state=8232, solver='lbfgs', tol=0.0001, verbose=0,
                   warm_start=False)
2023-02-17 12:56:06,290:INFO:create_model() succesfully completed......................................
2023-02-17 12:56:06,381:INFO:SubProcess create_model() end ==================================
2023-02-17 12:56:06,381:INFO:Creating metrics dataframe
2023-02-17 12:56:06,392:INFO:Initializing K Neighbors Classifier
2023-02-17 12:56:06,392:INFO:Total runtime is 0.023024745782216388 minutes
2023-02-17 12:56:06,398:INFO:SubProcess create_model() called ==================================
2023-02-17 12:56:06,398:INFO:Initializing create_model()
2023-02-17 12:56:06,398:INFO:create_model(estimator=knn, fold=KFold(n_splits=5, random_state=None, shuffle=False), round=4, cross_validation=True, predict=True, fit_kwargs={}, groups=None, refit=False, verbose=False, system=False, metrics=None, experiment_custom_tags=None, add_to_model_list=True, probability_threshold=None, display=<pycaret.internal.Display.Display object at 0x7f29b3f86f50>, return_train_score=False, kwargs={})
2023-02-17 12:56:06,398:INFO:Checking exceptions
2023-02-17 12:56:06,398:INFO:Importing libraries
2023-02-17 12:56:06,398:INFO:Copying training dataset
2023-02-17 12:56:06,399:INFO:Defining folds
2023-02-17 12:56:06,399:INFO:Declaring metric variables
2023-02-17 12:56:06,404:INFO:Importing untrained model
2023-02-17 12:56:06,411:INFO:K Neighbors Classifier Imported succesfully
2023-02-17 12:56:06,424:INFO:Starting cross validation
2023-02-17 12:56:06,425:INFO:Cross validating with KFold(n_splits=5, random_state=None, shuffle=False), n_jobs=1
2023-02-17 12:56:08,786:INFO:Calculating mean and std
2023-02-17 12:56:08,787:INFO:Creating metrics dataframe
2023-02-17 12:56:08,792:INFO:Uploading results into container
2023-02-17 12:56:08,792:INFO:Uploading model into container now
2023-02-17 12:56:08,792:INFO:create_model_container: 2
2023-02-17 12:56:08,792:INFO:master_model_container: 2
2023-02-17 12:56:08,792:INFO:display_container: 2
2023-02-17 12:56:08,793:INFO:KNeighborsClassifier(algorithm='auto', leaf_size=30, metric='minkowski',
                     metric_params=None, n_jobs=-1, n_neighbors=5, p=2,
                     weights='uniform')
2023-02-17 12:56:08,793:INFO:create_model() succesfully completed......................................
2023-02-17 12:56:08,881:INFO:SubProcess create_model() end ==================================
2023-02-17 12:56:08,881:INFO:Creating metrics dataframe
2023-02-17 12:56:08,892:INFO:Initializing Naive Bayes
2023-02-17 12:56:08,893:INFO:Total runtime is 0.0647037665049235 minutes
2023-02-17 12:56:08,898:INFO:SubProcess create_model() called ==================================
2023-02-17 12:56:08,899:INFO:Initializing create_model()
2023-02-17 12:56:08,899:INFO:create_model(estimator=nb, fold=KFold(n_splits=5, random_state=None, shuffle=False), round=4, cross_validation=True, predict=True, fit_kwargs={}, groups=None, refit=False, verbose=False, system=False, metrics=None, experiment_custom_tags=None, add_to_model_list=True, probability_threshold=None, display=<pycaret.internal.Display.Display object at 0x7f29b3f86f50>, return_train_score=False, kwargs={})
2023-02-17 12:56:08,899:INFO:Checking exceptions
2023-02-17 12:56:08,899:INFO:Importing libraries
2023-02-17 12:56:08,899:INFO:Copying training dataset
2023-02-17 12:56:08,900:INFO:Defining folds
2023-02-17 12:56:08,900:INFO:Declaring metric variables
2023-02-17 12:56:08,906:INFO:Importing untrained model
2023-02-17 12:56:08,913:INFO:Naive Bayes Imported succesfully
2023-02-17 12:56:08,927:INFO:Starting cross validation
2023-02-17 12:56:08,928:INFO:Cross validating with KFold(n_splits=5, random_state=None, shuffle=False), n_jobs=1
2023-02-17 12:56:09,028:INFO:Calculating mean and std
2023-02-17 12:56:09,029:INFO:Creating metrics dataframe
2023-02-17 12:56:09,033:INFO:Uploading results into container
2023-02-17 12:56:09,033:INFO:Uploading model into container now
2023-02-17 12:56:09,034:INFO:create_model_container: 3
2023-02-17 12:56:09,034:INFO:master_model_container: 3
2023-02-17 12:56:09,034:INFO:display_container: 2
2023-02-17 12:56:09,034:INFO:GaussianNB(priors=None, var_smoothing=1e-09)
2023-02-17 12:56:09,034:INFO:create_model() succesfully completed......................................
2023-02-17 12:56:09,115:INFO:SubProcess create_model() end ==================================
2023-02-17 12:56:09,115:INFO:Creating metrics dataframe
2023-02-17 12:56:09,127:INFO:Initializing Decision Tree Classifier
2023-02-17 12:56:09,127:INFO:Total runtime is 0.0686083714167277 minutes
2023-02-17 12:56:09,133:INFO:SubProcess create_model() called ==================================
2023-02-17 12:56:09,133:INFO:Initializing create_model()
2023-02-17 12:56:09,133:INFO:create_model(estimator=dt, fold=KFold(n_splits=5, random_state=None, shuffle=False), round=4, cross_validation=True, predict=True, fit_kwargs={}, groups=None, refit=False, verbose=False, system=False, metrics=None, experiment_custom_tags=None, add_to_model_list=True, probability_threshold=None, display=<pycaret.internal.Display.Display object at 0x7f29b3f86f50>, return_train_score=False, kwargs={})
2023-02-17 12:56:09,133:INFO:Checking exceptions
2023-02-17 12:56:09,134:INFO:Importing libraries
2023-02-17 12:56:09,134:INFO:Copying training dataset
2023-02-17 12:56:09,134:INFO:Defining folds
2023-02-17 12:56:09,134:INFO:Declaring metric variables
2023-02-17 12:56:09,140:INFO:Importing untrained model
2023-02-17 12:56:09,147:INFO:Decision Tree Classifier Imported succesfully
2023-02-17 12:56:09,160:INFO:Starting cross validation
2023-02-17 12:56:09,161:INFO:Cross validating with KFold(n_splits=5, random_state=None, shuffle=False), n_jobs=1
2023-02-17 12:56:09,373:INFO:Calculating mean and std
2023-02-17 12:56:09,374:INFO:Creating metrics dataframe
2023-02-17 12:56:09,377:INFO:Uploading results into container
2023-02-17 12:56:09,377:INFO:Uploading model into container now
2023-02-17 12:56:09,378:INFO:create_model_container: 4
2023-02-17 12:56:09,378:INFO:master_model_container: 4
2023-02-17 12:56:09,378:INFO:display_container: 2
2023-02-17 12:56:09,378:INFO:DecisionTreeClassifier(ccp_alpha=0.0, class_weight=None, criterion='gini',
                       max_depth=None, max_features=None, max_leaf_nodes=None,
                       min_impurity_decrease=0.0, min_impurity_split=None,
                       min_samples_leaf=1, min_samples_split=2,
                       min_weight_fraction_leaf=0.0, presort='deprecated',
                       random_state=8232, splitter='best')
2023-02-17 12:56:09,378:INFO:create_model() succesfully completed......................................
2023-02-17 12:56:09,458:INFO:SubProcess create_model() end ==================================
2023-02-17 12:56:09,458:INFO:Creating metrics dataframe
2023-02-17 12:56:09,469:INFO:Initializing SVM - Linear Kernel
2023-02-17 12:56:09,469:INFO:Total runtime is 0.0743160327275594 minutes
2023-02-17 12:56:09,476:INFO:SubProcess create_model() called ==================================
2023-02-17 12:56:09,476:INFO:Initializing create_model()
2023-02-17 12:56:09,476:INFO:create_model(estimator=svm, fold=KFold(n_splits=5, random_state=None, shuffle=False), round=4, cross_validation=True, predict=True, fit_kwargs={}, groups=None, refit=False, verbose=False, system=False, metrics=None, experiment_custom_tags=None, add_to_model_list=True, probability_threshold=None, display=<pycaret.internal.Display.Display object at 0x7f29b3f86f50>, return_train_score=False, kwargs={})
2023-02-17 12:56:09,476:INFO:Checking exceptions
2023-02-17 12:56:09,477:INFO:Importing libraries
2023-02-17 12:56:09,477:INFO:Copying training dataset
2023-02-17 12:56:09,477:INFO:Defining folds
2023-02-17 12:56:09,477:INFO:Declaring metric variables
2023-02-17 12:56:09,483:INFO:Importing untrained model
2023-02-17 12:56:09,490:INFO:SVM - Linear Kernel Imported succesfully
2023-02-17 12:56:09,503:INFO:Starting cross validation
2023-02-17 12:56:09,504:INFO:Cross validating with KFold(n_splits=5, random_state=None, shuffle=False), n_jobs=1
2023-02-17 12:56:09,825:INFO:Calculating mean and std
2023-02-17 12:56:09,827:INFO:Creating metrics dataframe
2023-02-17 12:56:09,835:INFO:Uploading results into container
2023-02-17 12:56:09,835:INFO:Uploading model into container now
2023-02-17 12:56:09,835:INFO:create_model_container: 5
2023-02-17 12:56:09,836:INFO:master_model_container: 5
2023-02-17 12:56:09,836:INFO:display_container: 2
2023-02-17 12:56:09,837:INFO:SGDClassifier(alpha=0.0001, average=False, class_weight=None,
              early_stopping=False, epsilon=0.1, eta0=0.001, fit_intercept=True,
              l1_ratio=0.15, learning_rate='optimal', loss='hinge',
              max_iter=1000, n_iter_no_change=5, n_jobs=-1, penalty='l2',
              power_t=0.5, random_state=8232, shuffle=True, tol=0.001,
              validation_fraction=0.1, verbose=0, warm_start=False)
2023-02-17 12:56:09,837:INFO:create_model() succesfully completed......................................
2023-02-17 12:56:09,930:INFO:SubProcess create_model() end ==================================
2023-02-17 12:56:09,930:INFO:Creating metrics dataframe
2023-02-17 12:56:09,941:INFO:Initializing Ridge Classifier
2023-02-17 12:56:09,941:INFO:Total runtime is 0.08218153715133666 minutes
2023-02-17 12:56:09,947:INFO:SubProcess create_model() called ==================================
2023-02-17 12:56:09,948:INFO:Initializing create_model()
2023-02-17 12:56:09,948:INFO:create_model(estimator=ridge, fold=KFold(n_splits=5, random_state=None, shuffle=False), round=4, cross_validation=True, predict=True, fit_kwargs={}, groups=None, refit=False, verbose=False, system=False, metrics=None, experiment_custom_tags=None, add_to_model_list=True, probability_threshold=None, display=<pycaret.internal.Display.Display object at 0x7f29b3f86f50>, return_train_score=False, kwargs={})
2023-02-17 12:56:09,948:INFO:Checking exceptions
2023-02-17 12:56:09,948:INFO:Importing libraries
2023-02-17 12:56:09,948:INFO:Copying training dataset
2023-02-17 12:56:09,949:INFO:Defining folds
2023-02-17 12:56:09,949:INFO:Declaring metric variables
2023-02-17 12:56:09,955:INFO:Importing untrained model
2023-02-17 12:56:09,964:INFO:Ridge Classifier Imported succesfully
2023-02-17 12:56:09,983:INFO:Starting cross validation
2023-02-17 12:56:09,984:INFO:Cross validating with KFold(n_splits=5, random_state=None, shuffle=False), n_jobs=1
2023-02-17 12:56:10,233:INFO:Calculating mean and std
2023-02-17 12:56:10,235:INFO:Creating metrics dataframe
2023-02-17 12:56:10,243:INFO:Uploading results into container
2023-02-17 12:56:10,243:INFO:Uploading model into container now
2023-02-17 12:56:10,243:INFO:create_model_container: 6
2023-02-17 12:56:10,244:INFO:master_model_container: 6
2023-02-17 12:56:10,244:INFO:display_container: 2
2023-02-17 12:56:10,245:INFO:RidgeClassifier(alpha=1.0, class_weight=None, copy_X=True, fit_intercept=True,
                max_iter=None, normalize=False, random_state=8232,
                solver='auto', tol=0.001)
2023-02-17 12:56:10,245:INFO:create_model() succesfully completed......................................
2023-02-17 12:56:10,341:INFO:SubProcess create_model() end ==================================
2023-02-17 12:56:10,341:INFO:Creating metrics dataframe
2023-02-17 12:56:10,356:INFO:Initializing Random Forest Classifier
2023-02-17 12:56:10,356:INFO:Total runtime is 0.08909022013346353 minutes
2023-02-17 12:56:10,363:INFO:SubProcess create_model() called ==================================
2023-02-17 12:56:10,363:INFO:Initializing create_model()
2023-02-17 12:56:10,364:INFO:create_model(estimator=rf, fold=KFold(n_splits=5, random_state=None, shuffle=False), round=4, cross_validation=True, predict=True, fit_kwargs={}, groups=None, refit=False, verbose=False, system=False, metrics=None, experiment_custom_tags=None, add_to_model_list=True, probability_threshold=None, display=<pycaret.internal.Display.Display object at 0x7f29b3f86f50>, return_train_score=False, kwargs={})
2023-02-17 12:56:10,364:INFO:Checking exceptions
2023-02-17 12:56:10,364:INFO:Importing libraries
2023-02-17 12:56:10,364:INFO:Copying training dataset
2023-02-17 12:56:10,364:INFO:Defining folds
2023-02-17 12:56:10,365:INFO:Declaring metric variables
2023-02-17 12:56:10,372:INFO:Importing untrained model
2023-02-17 12:56:10,379:INFO:Random Forest Classifier Imported succesfully
2023-02-17 12:56:10,394:INFO:Starting cross validation
2023-02-17 12:56:10,395:INFO:Cross validating with KFold(n_splits=5, random_state=None, shuffle=False), n_jobs=1
2023-02-17 12:56:13,970:INFO:Calculating mean and std
2023-02-17 12:56:13,972:INFO:Creating metrics dataframe
2023-02-17 12:56:13,980:INFO:Uploading results into container
2023-02-17 12:56:13,980:INFO:Uploading model into container now
2023-02-17 12:56:13,981:INFO:create_model_container: 7
2023-02-17 12:56:13,982:INFO:master_model_container: 7
2023-02-17 12:56:13,982:INFO:display_container: 2
2023-02-17 12:56:13,982:INFO:RandomForestClassifier(bootstrap=True, ccp_alpha=0.0, class_weight=None,
                       criterion='gini', max_depth=None, max_features='auto',
                       max_leaf_nodes=None, max_samples=None,
                       min_impurity_decrease=0.0, min_impurity_split=None,
                       min_samples_leaf=1, min_samples_split=2,
                       min_weight_fraction_leaf=0.0, n_estimators=100,
                       n_jobs=-1, oob_score=False, random_state=8232, verbose=0,
                       warm_start=False)
2023-02-17 12:56:13,983:INFO:create_model() succesfully completed......................................
2023-02-17 12:56:14,066:INFO:SubProcess create_model() end ==================================
2023-02-17 12:56:14,066:INFO:Creating metrics dataframe
2023-02-17 12:56:14,078:INFO:Initializing Quadratic Discriminant Analysis
2023-02-17 12:56:14,078:INFO:Total runtime is 0.15112995704015095 minutes
2023-02-17 12:56:14,084:INFO:SubProcess create_model() called ==================================
2023-02-17 12:56:14,085:INFO:Initializing create_model()
2023-02-17 12:56:14,085:INFO:create_model(estimator=qda, fold=KFold(n_splits=5, random_state=None, shuffle=False), round=4, cross_validation=True, predict=True, fit_kwargs={}, groups=None, refit=False, verbose=False, system=False, metrics=None, experiment_custom_tags=None, add_to_model_list=True, probability_threshold=None, display=<pycaret.internal.Display.Display object at 0x7f29b3f86f50>, return_train_score=False, kwargs={})
2023-02-17 12:56:14,085:INFO:Checking exceptions
2023-02-17 12:56:14,085:INFO:Importing libraries
2023-02-17 12:56:14,085:INFO:Copying training dataset
2023-02-17 12:56:14,086:INFO:Defining folds
2023-02-17 12:56:14,086:INFO:Declaring metric variables
2023-02-17 12:56:14,093:INFO:Importing untrained model
2023-02-17 12:56:14,100:INFO:Quadratic Discriminant Analysis Imported succesfully
2023-02-17 12:56:14,115:INFO:Starting cross validation
2023-02-17 12:56:14,116:INFO:Cross validating with KFold(n_splits=5, random_state=None, shuffle=False), n_jobs=1
2023-02-17 12:56:14,391:INFO:Calculating mean and std
2023-02-17 12:56:14,393:INFO:Creating metrics dataframe
2023-02-17 12:56:14,404:INFO:Uploading results into container
2023-02-17 12:56:14,405:INFO:Uploading model into container now
2023-02-17 12:56:14,405:INFO:create_model_container: 8
2023-02-17 12:56:14,405:INFO:master_model_container: 8
2023-02-17 12:56:14,405:INFO:display_container: 2
2023-02-17 12:56:14,406:INFO:QuadraticDiscriminantAnalysis(priors=None, reg_param=0.0,
                              store_covariance=False, tol=0.0001)
2023-02-17 12:56:14,406:INFO:create_model() succesfully completed......................................
2023-02-17 12:56:14,499:INFO:SubProcess create_model() end ==================================
2023-02-17 12:56:14,499:INFO:Creating metrics dataframe
2023-02-17 12:56:14,511:INFO:Initializing Ada Boost Classifier
2023-02-17 12:56:14,511:INFO:Total runtime is 0.1583496332168579 minutes
2023-02-17 12:56:14,517:INFO:SubProcess create_model() called ==================================
2023-02-17 12:56:14,518:INFO:Initializing create_model()
2023-02-17 12:56:14,518:INFO:create_model(estimator=ada, fold=KFold(n_splits=5, random_state=None, shuffle=False), round=4, cross_validation=True, predict=True, fit_kwargs={}, groups=None, refit=False, verbose=False, system=False, metrics=None, experiment_custom_tags=None, add_to_model_list=True, probability_threshold=None, display=<pycaret.internal.Display.Display object at 0x7f29b3f86f50>, return_train_score=False, kwargs={})
2023-02-17 12:56:14,518:INFO:Checking exceptions
2023-02-17 12:56:14,518:INFO:Importing libraries
2023-02-17 12:56:14,518:INFO:Copying training dataset
2023-02-17 12:56:14,519:INFO:Defining folds
2023-02-17 12:56:14,519:INFO:Declaring metric variables
2023-02-17 12:56:14,526:INFO:Importing untrained model
2023-02-17 12:56:14,533:INFO:Ada Boost Classifier Imported succesfully
2023-02-17 12:56:14,549:INFO:Starting cross validation
2023-02-17 12:56:14,550:INFO:Cross validating with KFold(n_splits=5, random_state=None, shuffle=False), n_jobs=1
2023-02-17 12:56:17,674:INFO:Calculating mean and std
2023-02-17 12:56:17,674:INFO:Creating metrics dataframe
2023-02-17 12:56:17,678:INFO:Uploading results into container
2023-02-17 12:56:17,678:INFO:Uploading model into container now
2023-02-17 12:56:17,678:INFO:create_model_container: 9
2023-02-17 12:56:17,678:INFO:master_model_container: 9
2023-02-17 12:56:17,679:INFO:display_container: 2
2023-02-17 12:56:17,679:INFO:AdaBoostClassifier(algorithm='SAMME.R', base_estimator=None, learning_rate=1.0,
                   n_estimators=50, random_state=8232)
2023-02-17 12:56:17,679:INFO:create_model() succesfully completed......................................
2023-02-17 12:56:17,758:INFO:SubProcess create_model() end ==================================
2023-02-17 12:56:17,758:INFO:Creating metrics dataframe
2023-02-17 12:56:17,770:INFO:Initializing Gradient Boosting Classifier
2023-02-17 12:56:17,770:INFO:Total runtime is 0.21266249815622965 minutes
2023-02-17 12:56:17,776:INFO:SubProcess create_model() called ==================================
2023-02-17 12:56:17,777:INFO:Initializing create_model()
2023-02-17 12:56:17,777:INFO:create_model(estimator=gbc, fold=KFold(n_splits=5, random_state=None, shuffle=False), round=4, cross_validation=True, predict=True, fit_kwargs={}, groups=None, refit=False, verbose=False, system=False, metrics=None, experiment_custom_tags=None, add_to_model_list=True, probability_threshold=None, display=<pycaret.internal.Display.Display object at 0x7f29b3f86f50>, return_train_score=False, kwargs={})
2023-02-17 12:56:17,777:INFO:Checking exceptions
2023-02-17 12:56:17,777:INFO:Importing libraries
2023-02-17 12:56:17,777:INFO:Copying training dataset
2023-02-17 12:56:17,778:INFO:Defining folds
2023-02-17 12:56:17,778:INFO:Declaring metric variables
2023-02-17 12:56:17,784:INFO:Importing untrained model
2023-02-17 12:56:17,790:INFO:Gradient Boosting Classifier Imported succesfully
2023-02-17 12:56:17,803:INFO:Starting cross validation
2023-02-17 12:56:17,804:INFO:Cross validating with KFold(n_splits=5, random_state=None, shuffle=False), n_jobs=1
2023-02-17 12:56:24,535:WARNING:create_model() for gbc raised an exception or returned all 0.0, trying without fit_kwargs:
2023-02-17 12:56:24,550:WARNING:Traceback (most recent call last):
  File "/home/augustin/.virtualenvs/env37/lib/python3.7/site-packages/pycaret/internal/tabular.py", line 2203, in compare_models
    model, model_fit_time = create_model_supervised(**create_model_args)
  File "/home/augustin/.virtualenvs/env37/lib/python3.7/site-packages/pycaret/internal/tabular.py", line 3210, in create_model_supervised
    error_score=0,
  File "/home/augustin/.virtualenvs/env37/lib/python3.7/site-packages/sklearn/utils/validation.py", line 72, in inner_f
    return f(**kwargs)
  File "/home/augustin/.virtualenvs/env37/lib/python3.7/site-packages/sklearn/model_selection/_validation.py", line 248, in cross_validate
    for train, test in cv.split(X, y, groups))
  File "/home/augustin/.virtualenvs/env37/lib/python3.7/site-packages/joblib/parallel.py", line 1007, in __call__
    while self.dispatch_one_batch(iterator):
  File "/home/augustin/.virtualenvs/env37/lib/python3.7/site-packages/joblib/parallel.py", line 835, in dispatch_one_batch
    self._dispatch(tasks)
  File "/home/augustin/.virtualenvs/env37/lib/python3.7/site-packages/joblib/parallel.py", line 754, in _dispatch
    job = self._backend.apply_async(batch, callback=cb)
  File "/home/augustin/.virtualenvs/env37/lib/python3.7/site-packages/joblib/_parallel_backends.py", line 209, in apply_async
    result = ImmediateResult(func)
  File "/home/augustin/.virtualenvs/env37/lib/python3.7/site-packages/joblib/_parallel_backends.py", line 590, in __init__
    self.results = batch()
  File "/home/augustin/.virtualenvs/env37/lib/python3.7/site-packages/joblib/parallel.py", line 256, in __call__
    for func, args, kwargs in self.items]
  File "/home/augustin/.virtualenvs/env37/lib/python3.7/site-packages/joblib/parallel.py", line 256, in <listcomp>
    for func, args, kwargs in self.items]
  File "/home/augustin/.virtualenvs/env37/lib/python3.7/site-packages/sklearn/model_selection/_validation.py", line 531, in _fit_and_score
    estimator.fit(X_train, y_train, **fit_params)
  File "/home/augustin/.virtualenvs/env37/lib/python3.7/site-packages/pycaret/internal/pipeline.py", line 118, in fit
    result = super().fit(X, y=y, **fit_kwargs)
  File "/home/augustin/.virtualenvs/env37/lib/python3.7/site-packages/imblearn/pipeline.py", line 281, in fit
    self._final_estimator.fit(Xt, yt, **fit_params)
  File "/home/augustin/.virtualenvs/env37/lib/python3.7/site-packages/sklearn/ensemble/_gb.py", line 500, in fit
    sample_weight_val, begin_at_stage, monitor, X_idx_sorted)
  File "/home/augustin/.virtualenvs/env37/lib/python3.7/site-packages/sklearn/ensemble/_gb.py", line 557, in _fit_stages
    random_state, X_idx_sorted, X_csc, X_csr)
  File "/home/augustin/.virtualenvs/env37/lib/python3.7/site-packages/sklearn/ensemble/_gb.py", line 212, in _fit_stage
    check_input=False, X_idx_sorted=X_idx_sorted)
  File "/home/augustin/.virtualenvs/env37/lib/python3.7/site-packages/sklearn/tree/_classes.py", line 1246, in fit
    X_idx_sorted=X_idx_sorted)
  File "/home/augustin/.virtualenvs/env37/lib/python3.7/site-packages/sklearn/tree/_classes.py", line 375, in fit
    builder.build(self.tree_, X, y, sample_weight, X_idx_sorted)
KeyboardInterrupt

2023-02-17 12:56:24,550:INFO:Initializing create_model()
2023-02-17 12:56:24,550:INFO:create_model(estimator=gbc, fold=KFold(n_splits=5, random_state=None, shuffle=False), round=4, cross_validation=True, predict=True, fit_kwargs={}, groups=None, refit=False, verbose=False, system=False, metrics=None, experiment_custom_tags=None, add_to_model_list=True, probability_threshold=None, display=<pycaret.internal.Display.Display object at 0x7f29b3f86f50>, return_train_score=False, kwargs={})
2023-02-17 12:56:24,550:INFO:Checking exceptions
2023-02-17 12:56:24,551:INFO:Importing libraries
2023-02-17 12:56:24,551:INFO:Copying training dataset
2023-02-17 12:56:24,552:INFO:Defining folds
2023-02-17 12:56:24,552:INFO:Declaring metric variables
2023-02-17 12:56:24,559:INFO:Importing untrained model
2023-02-17 12:56:24,565:INFO:Gradient Boosting Classifier Imported succesfully
2023-02-17 12:56:24,578:INFO:Starting cross validation
2023-02-17 12:56:24,579:INFO:Cross validating with KFold(n_splits=5, random_state=None, shuffle=False), n_jobs=1
2023-02-17 12:56:35,735:INFO:Calculating mean and std
2023-02-17 12:56:35,736:INFO:Creating metrics dataframe
2023-02-17 12:56:35,740:INFO:Uploading results into container
2023-02-17 12:56:35,741:INFO:Uploading model into container now
2023-02-17 12:56:35,741:INFO:create_model_container: 10
2023-02-17 12:56:35,741:INFO:master_model_container: 10
2023-02-17 12:56:35,741:INFO:display_container: 2
2023-02-17 12:56:35,741:INFO:GradientBoostingClassifier(ccp_alpha=0.0, criterion='friedman_mse', init=None,
                           learning_rate=0.1, loss='deviance', max_depth=3,
                           max_features=None, max_leaf_nodes=None,
                           min_impurity_decrease=0.0, min_impurity_split=None,
                           min_samples_leaf=1, min_samples_split=2,
                           min_weight_fraction_leaf=0.0, n_estimators=100,
                           n_iter_no_change=None, presort='deprecated',
                           random_state=8232, subsample=1.0, tol=0.0001,
                           validation_fraction=0.1, verbose=0,
                           warm_start=False)
2023-02-17 12:56:35,741:INFO:create_model() succesfully completed......................................
2023-02-17 12:56:35,907:INFO:SubProcess create_model() end ==================================
2023-02-17 12:56:35,908:INFO:Creating metrics dataframe
2023-02-17 12:56:35,920:INFO:Initializing Linear Discriminant Analysis
2023-02-17 12:56:35,921:INFO:Total runtime is 0.5151743809382121 minutes
2023-02-17 12:56:35,927:INFO:SubProcess create_model() called ==================================
2023-02-17 12:56:35,928:INFO:Initializing create_model()
2023-02-17 12:56:35,928:INFO:create_model(estimator=lda, fold=KFold(n_splits=5, random_state=None, shuffle=False), round=4, cross_validation=True, predict=True, fit_kwargs={}, groups=None, refit=False, verbose=False, system=False, metrics=None, experiment_custom_tags=None, add_to_model_list=True, probability_threshold=None, display=<pycaret.internal.Display.Display object at 0x7f29b3f86f50>, return_train_score=False, kwargs={})
2023-02-17 12:56:35,928:INFO:Checking exceptions
2023-02-17 12:56:35,928:INFO:Importing libraries
2023-02-17 12:56:35,928:INFO:Copying training dataset
2023-02-17 12:56:35,930:INFO:Defining folds
2023-02-17 12:56:35,930:INFO:Declaring metric variables
2023-02-17 12:56:35,936:INFO:Importing untrained model
2023-02-17 12:56:35,944:INFO:Linear Discriminant Analysis Imported succesfully
2023-02-17 12:56:35,958:INFO:Starting cross validation
2023-02-17 12:56:35,959:INFO:Cross validating with KFold(n_splits=5, random_state=None, shuffle=False), n_jobs=1
2023-02-17 12:56:36,517:INFO:Calculating mean and std
2023-02-17 12:56:36,519:INFO:Creating metrics dataframe
2023-02-17 12:56:36,526:INFO:Uploading results into container
2023-02-17 12:56:36,527:INFO:Uploading model into container now
2023-02-17 12:56:36,528:INFO:create_model_container: 11
2023-02-17 12:56:36,528:INFO:master_model_container: 11
2023-02-17 12:56:36,528:INFO:display_container: 2
2023-02-17 12:56:36,529:INFO:LinearDiscriminantAnalysis(n_components=None, priors=None, shrinkage=None,
                           solver='svd', store_covariance=False, tol=0.0001)
2023-02-17 12:56:36,530:INFO:create_model() succesfully completed......................................
2023-02-17 12:56:36,611:INFO:SubProcess create_model() end ==================================
2023-02-17 12:56:36,611:INFO:Creating metrics dataframe
2023-02-17 12:56:36,623:INFO:Initializing Extra Trees Classifier
2023-02-17 12:56:36,623:INFO:Total runtime is 0.5268855214118958 minutes
2023-02-17 12:56:36,630:INFO:SubProcess create_model() called ==================================
2023-02-17 12:56:36,630:INFO:Initializing create_model()
2023-02-17 12:56:36,631:INFO:create_model(estimator=et, fold=KFold(n_splits=5, random_state=None, shuffle=False), round=4, cross_validation=True, predict=True, fit_kwargs={}, groups=None, refit=False, verbose=False, system=False, metrics=None, experiment_custom_tags=None, add_to_model_list=True, probability_threshold=None, display=<pycaret.internal.Display.Display object at 0x7f29b3f86f50>, return_train_score=False, kwargs={})
2023-02-17 12:56:36,631:INFO:Checking exceptions
2023-02-17 12:56:36,631:INFO:Importing libraries
2023-02-17 12:56:36,631:INFO:Copying training dataset
2023-02-17 12:56:36,632:INFO:Defining folds
2023-02-17 12:56:36,632:INFO:Declaring metric variables
2023-02-17 12:56:36,640:INFO:Importing untrained model
2023-02-17 12:56:36,648:INFO:Extra Trees Classifier Imported succesfully
2023-02-17 12:56:36,664:INFO:Starting cross validation
2023-02-17 12:56:36,665:INFO:Cross validating with KFold(n_splits=5, random_state=None, shuffle=False), n_jobs=1
2023-02-17 12:56:42,527:INFO:PyCaret Supervised Module
2023-02-17 12:56:42,527:INFO:ML Usecase: classification
2023-02-17 12:56:42,527:INFO:version 2.3.10
2023-02-17 12:56:42,527:INFO:Initializing setup()
2023-02-17 12:56:42,527:INFO:setup(target=miner, ml_usecase=classification, available_plots={'parameter': 'Hyperparameters', 'auc': 'AUC', 'confusion_matrix': 'Confusion Matrix', 'threshold': 'Threshold', 'pr': 'Precision Recall', 'error': 'Prediction Error', 'class_report': 'Class Report', 'rfe': 'Feature Selection', 'learning': 'Learning Curve', 'manifold': 'Manifold Learning', 'calibration': 'Calibration Curve', 'vc': 'Validation Curve', 'dimension': 'Dimensions', 'feature': 'Feature Importance', 'feature_all': 'Feature Importance (All)', 'boundary': 'Decision Boundary', 'lift': 'Lift Chart', 'gain': 'Gain Chart', 'tree': 'Decision Tree', 'ks': 'KS Statistic Plot'}, train_size=0.7, test_data=None, preprocess=True, imputation_type=simple, iterative_imputation_iters=5, categorical_features=None, categorical_imputation=constant, categorical_iterative_imputer=lightgbm, ordinal_features=None, high_cardinality_features=None, high_cardinality_method=frequency, numeric_features=None, numeric_imputation=mean, numeric_iterative_imputer=lightgbm, date_features=None, ignore_features=None, normalize=False, normalize_method=zscore, transformation=False, transformation_method=yeo-johnson, handle_unknown_categorical=True, unknown_categorical_method=least_frequent, pca=False, pca_method=linear, pca_components=None, ignore_low_variance=False, combine_rare_levels=False, rare_level_threshold=0.1, bin_numeric_features=None, remove_outliers=False, outliers_threshold=0.05, remove_multicollinearity=False, multicollinearity_threshold=0.9, remove_perfect_collinearity=True, create_clusters=False, cluster_iter=20, polynomial_features=False, polynomial_degree=2, trigonometry_features=False, polynomial_threshold=0.1, group_features=None, group_names=None, feature_selection=False, feature_selection_threshold=0.8, feature_selection_method=classic, feature_interaction=False, feature_ratio=False, interaction_threshold=0.01, fix_imbalance=False, fix_imbalance_method=None, transform_target=False, transform_target_method=box-cox, data_split_shuffle=True, data_split_stratify=False, fold_strategy=kfold, fold=5, fold_shuffle=False, fold_groups=None, n_jobs=-1, use_gpu=True, custom_pipeline=None, html=True, session_id=None, log_experiment=False, experiment_name=None, experiment_custom_tags=None, log_plots=False, log_profile=False, log_data=False, silent=False, verbose=True, profile=False, profile_kwargs=None, display=None)
2023-02-17 12:56:42,527:INFO:Checking environment
2023-02-17 12:56:42,527:INFO:python_version: 3.7.16
2023-02-17 12:56:42,528:INFO:python_build: ('default', 'Jan  4 2023 20:37:25')
2023-02-17 12:56:42,528:INFO:machine: x86_64
2023-02-17 12:56:42,528:INFO:platform: Linux-5.15.93-1-MANJARO-x86_64-with-arch-Manjaro-Linux
2023-02-17 12:56:42,528:INFO:Memory: svmem(total=16101408768, available=12749578240, percent=20.8, used=2956546048, free=11096739840, active=666615808, inactive=3148926976, buffers=203546624, cached=1844576256, shared=52940800, slab=399421440)
2023-02-17 12:56:42,529:INFO:Physical Core: 8
2023-02-17 12:56:42,529:INFO:Logical Core: 16
2023-02-17 12:56:42,529:INFO:Checking libraries
2023-02-17 12:56:42,529:INFO:pd==1.3.5
2023-02-17 12:56:42,529:INFO:numpy==1.19.5
2023-02-17 12:56:42,529:INFO:sklearn==0.23.2
2023-02-17 12:56:42,530:INFO:lightgbm==2.3.1
2023-02-17 12:56:42,530:WARNING:catboost not found
2023-02-17 12:56:42,530:WARNING:xgboost not found
2023-02-17 12:56:42,530:INFO:mlflow==1.30.0
2023-02-17 12:56:42,530:INFO:Checking Exceptions
2023-02-17 12:56:42,530:INFO:Declaring global variables
2023-02-17 12:56:42,530:INFO:USI: 2545
2023-02-17 12:56:42,530:INFO:pycaret_globals: {'data_before_preprocess', 'fold_shuffle_param', 'pycaret_globals', 'fold_groups_param', 'X_test', '_gpu_n_jobs_param', 'master_model_container', 'transform_target_method_param', 'fix_imbalance_method_param', '_ml_usecase', 'y', 'fold_generator', 'transform_target_param', 'display_container', 'y_test', 'experiment__', '_available_plots', 'iterative_imputation_iters_param', 'exp_name_log', 'prep_pipe', 'stratify_param', 'log_plots_param', 'y_train', 'seed', 'target_param', 'fold_param', '_all_metrics', 'logging_param', 'gpu_param', '_internal_pipeline', 'imputation_classifier', 'fold_groups_param_full', 'fix_imbalance_param', 'html_param', '_all_models_internal', 'create_model_container', 'dashboard_logger', 'USI', 'X_train', 'imputation_regressor', 'X', '_all_models', 'n_jobs_param'}
2023-02-17 12:56:42,531:INFO:Preparing display monitor
2023-02-17 12:56:42,531:INFO:Preparing display monitor
2023-02-17 12:56:42,537:INFO:Importing libraries
2023-02-17 12:56:42,537:INFO:Copying data for preprocessing
2023-02-17 12:56:42,544:INFO:Declaring preprocessing parameters
2023-02-17 12:56:42,545:WARNING:cuML not found
2023-02-17 12:56:42,545:WARNING:cuML is outdated or not found. Required version is >=0.15, got 2.3.1
2023-02-17 12:56:42,547:INFO:Creating preprocessing pipeline
2023-02-17 12:56:42,568:INFO:Preprocessing pipeline created successfully
2023-02-17 12:56:42,568:ERROR:(Process Exit): setup has been interupted with user command 'quit'. setup must rerun.
2023-02-17 12:56:42,568:INFO:Creating global containers
2023-02-17 12:56:42,569:INFO:Internal pipeline: Pipeline(memory=None, steps=[('empty_step', 'passthrough')], verbose=False)
2023-02-17 12:56:43,846:WARNING:Couldn't import cuml.linear_model.LogisticRegression
2023-02-17 12:56:43,881:WARNING:Couldn't import cuml.neighbors.KNeighborsClassifier
2023-02-17 12:56:43,882:WARNING:Couldn't import cuml.MBSGDClassifier
2023-02-17 12:56:43,883:WARNING:Couldn't import cuml.svm.SVC
2023-02-17 12:56:43,902:WARNING:Couldn't import cuml.linear_model
2023-02-17 12:56:43,905:WARNING:Couldn't import cuml.ensemble
2023-02-17 12:56:43,908:WARNING:Couldn't import xgboost.XGBClassifier
2023-02-17 12:56:43,913:WARNING:Couldn't import catboost.CatBoostClassifier
2023-02-17 12:56:43,913:WARNING:Couldn't import cuml.linear_model.LogisticRegression
2023-02-17 12:56:43,948:WARNING:Couldn't import cuml.neighbors.KNeighborsClassifier
2023-02-17 12:56:43,949:WARNING:Couldn't import cuml.MBSGDClassifier
2023-02-17 12:56:43,950:WARNING:Couldn't import cuml.svm.SVC
2023-02-17 12:56:43,966:WARNING:Couldn't import cuml.linear_model
2023-02-17 12:56:43,970:WARNING:Couldn't import cuml.ensemble
2023-02-17 12:56:43,971:WARNING:Couldn't import xgboost.XGBClassifier
2023-02-17 12:56:43,980:WARNING:Couldn't import catboost.CatBoostClassifier
2023-02-17 12:56:43,981:INFO:Creating grid variables
2023-02-17 12:56:43,992:INFO:create_model_container: 0
2023-02-17 12:56:43,993:INFO:master_model_container: 0
2023-02-17 12:56:43,993:INFO:display_container: 1
2023-02-17 12:56:43,997:INFO:Pipeline(memory=None,
         steps=[('dtypes',
                 DataTypes_Auto_infer(categorical_features=[],
                                      display_types=True, features_todrop=[],
                                      id_columns=[],
                                      ml_usecase='classification',
                                      numerical_features=[], target='miner',
                                      time_features=[])),
                ('imputer',
                 Simple_Imputer(categorical_strategy='not_available',
                                fill_value_categorical=None,
                                fill_value_numerical=None,
                                numeric_strate...
                ('scaling', 'passthrough'), ('P_transform', 'passthrough'),
                ('binn', 'passthrough'), ('rem_outliers', 'passthrough'),
                ('cluster_all', 'passthrough'),
                ('dummy', Dummify(target='miner')),
                ('fix_perfect', Remove_100(target='miner')),
                ('clean_names', Clean_Colum_Names()),
                ('feature_select', 'passthrough'), ('fix_multi', 'passthrough'),
                ('dfs', 'passthrough'), ('pca', 'passthrough')],
         verbose=False)
2023-02-17 12:56:43,997:INFO:setup() succesfully completed......................................
2023-02-17 12:56:44,203:INFO:Initializing compare_models()
2023-02-17 12:56:44,203:INFO:compare_models(include=None, fold=None, round=4, cross_validation=True, sort=Accuracy, n_select=1, budget_time=None, turbo=True, errors=ignore, fit_kwargs=None, groups=None, experiment_custom_tags=None, probability_threshold=None, verbose=True, display=None, exclude=None)
2023-02-17 12:56:44,203:INFO:Checking exceptions
2023-02-17 12:56:44,205:INFO:Preparing display monitor
2023-02-17 12:56:44,205:INFO:Preparing display monitor
2023-02-17 12:56:44,227:INFO:Initializing Logistic Regression
2023-02-17 12:56:44,227:INFO:Total runtime is 4.772345225016276e-06 minutes
2023-02-17 12:56:44,235:INFO:SubProcess create_model() called ==================================
2023-02-17 12:56:44,235:INFO:Initializing create_model()
2023-02-17 12:56:44,235:INFO:create_model(estimator=lr, fold=KFold(n_splits=5, random_state=None, shuffle=False), round=4, cross_validation=True, predict=True, fit_kwargs={}, groups=None, refit=False, verbose=False, system=False, metrics=None, experiment_custom_tags=None, add_to_model_list=True, probability_threshold=None, display=<pycaret.internal.Display.Display object at 0x7f8cce99a990>, return_train_score=False, kwargs={})
2023-02-17 12:56:44,235:INFO:Checking exceptions
2023-02-17 12:56:44,235:INFO:Importing libraries
2023-02-17 12:56:44,235:INFO:Copying training dataset
2023-02-17 12:56:44,236:INFO:Defining folds
2023-02-17 12:56:44,236:INFO:Declaring metric variables
2023-02-17 12:56:44,244:INFO:Importing untrained model
2023-02-17 12:56:44,250:INFO:Logistic Regression Imported succesfully
2023-02-17 12:56:44,263:INFO:Starting cross validation
2023-02-17 12:56:44,264:INFO:Cross validating with KFold(n_splits=5, random_state=None, shuffle=False), n_jobs=1
2023-02-17 12:56:45,762:INFO:Calculating mean and std
2023-02-17 12:56:45,764:INFO:Creating metrics dataframe
2023-02-17 12:56:45,781:INFO:Uploading results into container
2023-02-17 12:56:45,781:INFO:Uploading model into container now
2023-02-17 12:56:45,782:INFO:create_model_container: 1
2023-02-17 12:56:45,782:INFO:master_model_container: 1
2023-02-17 12:56:45,782:INFO:display_container: 2
2023-02-17 12:56:45,783:INFO:LogisticRegression(C=1.0, class_weight=None, dual=False, fit_intercept=True,
                   intercept_scaling=1, l1_ratio=None, max_iter=1000,
                   multi_class='auto', n_jobs=None, penalty='l2',
                   random_state=2483, solver='lbfgs', tol=0.0001, verbose=0,
                   warm_start=False)
2023-02-17 12:56:45,783:INFO:create_model() succesfully completed......................................
2023-02-17 12:56:45,873:INFO:SubProcess create_model() end ==================================
2023-02-17 12:56:45,873:INFO:Creating metrics dataframe
2023-02-17 12:56:45,884:INFO:Initializing K Neighbors Classifier
2023-02-17 12:56:45,884:INFO:Total runtime is 0.027613814671834307 minutes
2023-02-17 12:56:45,889:INFO:SubProcess create_model() called ==================================
2023-02-17 12:56:45,890:INFO:Initializing create_model()
2023-02-17 12:56:45,890:INFO:create_model(estimator=knn, fold=KFold(n_splits=5, random_state=None, shuffle=False), round=4, cross_validation=True, predict=True, fit_kwargs={}, groups=None, refit=False, verbose=False, system=False, metrics=None, experiment_custom_tags=None, add_to_model_list=True, probability_threshold=None, display=<pycaret.internal.Display.Display object at 0x7f8cce99a990>, return_train_score=False, kwargs={})
2023-02-17 12:56:45,890:INFO:Checking exceptions
2023-02-17 12:56:45,890:INFO:Importing libraries
2023-02-17 12:56:45,890:INFO:Copying training dataset
2023-02-17 12:56:45,891:INFO:Defining folds
2023-02-17 12:56:45,891:INFO:Declaring metric variables
2023-02-17 12:56:45,897:INFO:Importing untrained model
2023-02-17 12:56:45,903:INFO:K Neighbors Classifier Imported succesfully
2023-02-17 12:56:45,916:INFO:Starting cross validation
2023-02-17 12:56:45,917:INFO:Cross validating with KFold(n_splits=5, random_state=None, shuffle=False), n_jobs=1
2023-02-17 12:56:48,333:INFO:Calculating mean and std
2023-02-17 12:56:48,334:INFO:Creating metrics dataframe
2023-02-17 12:56:48,338:INFO:Uploading results into container
2023-02-17 12:56:48,338:INFO:Uploading model into container now
2023-02-17 12:56:48,338:INFO:create_model_container: 2
2023-02-17 12:56:48,338:INFO:master_model_container: 2
2023-02-17 12:56:48,338:INFO:display_container: 2
2023-02-17 12:56:48,339:INFO:KNeighborsClassifier(algorithm='auto', leaf_size=30, metric='minkowski',
                     metric_params=None, n_jobs=-1, n_neighbors=5, p=2,
                     weights='uniform')
2023-02-17 12:56:48,339:INFO:create_model() succesfully completed......................................
2023-02-17 12:56:48,431:INFO:SubProcess create_model() end ==================================
2023-02-17 12:56:48,431:INFO:Creating metrics dataframe
2023-02-17 12:56:48,444:INFO:Initializing Naive Bayes
2023-02-17 12:56:48,444:INFO:Total runtime is 0.07028663158416748 minutes
2023-02-17 12:56:48,451:INFO:SubProcess create_model() called ==================================
2023-02-17 12:56:48,451:INFO:Initializing create_model()
2023-02-17 12:56:48,451:INFO:create_model(estimator=nb, fold=KFold(n_splits=5, random_state=None, shuffle=False), round=4, cross_validation=True, predict=True, fit_kwargs={}, groups=None, refit=False, verbose=False, system=False, metrics=None, experiment_custom_tags=None, add_to_model_list=True, probability_threshold=None, display=<pycaret.internal.Display.Display object at 0x7f8cce99a990>, return_train_score=False, kwargs={})
2023-02-17 12:56:48,451:INFO:Checking exceptions
2023-02-17 12:56:48,452:INFO:Importing libraries
2023-02-17 12:56:48,452:INFO:Copying training dataset
2023-02-17 12:56:48,452:INFO:Defining folds
2023-02-17 12:56:48,453:INFO:Declaring metric variables
2023-02-17 12:56:48,461:INFO:Importing untrained model
2023-02-17 12:56:48,468:INFO:Naive Bayes Imported succesfully
2023-02-17 12:56:48,482:INFO:Starting cross validation
2023-02-17 12:56:48,483:INFO:Cross validating with KFold(n_splits=5, random_state=None, shuffle=False), n_jobs=1
2023-02-17 12:56:48,586:INFO:Calculating mean and std
2023-02-17 12:56:48,587:INFO:Creating metrics dataframe
2023-02-17 12:56:48,590:INFO:Uploading results into container
2023-02-17 12:56:48,591:INFO:Uploading model into container now
2023-02-17 12:56:48,591:INFO:create_model_container: 3
2023-02-17 12:56:48,591:INFO:master_model_container: 3
2023-02-17 12:56:48,591:INFO:display_container: 2
2023-02-17 12:56:48,592:INFO:GaussianNB(priors=None, var_smoothing=1e-09)
2023-02-17 12:56:48,592:INFO:create_model() succesfully completed......................................
2023-02-17 12:56:48,668:INFO:SubProcess create_model() end ==================================
2023-02-17 12:56:48,668:INFO:Creating metrics dataframe
2023-02-17 12:56:48,680:INFO:Initializing Decision Tree Classifier
2023-02-17 12:56:48,680:INFO:Total runtime is 0.07421412467956542 minutes
2023-02-17 12:56:48,686:INFO:SubProcess create_model() called ==================================
2023-02-17 12:56:48,687:INFO:Initializing create_model()
2023-02-17 12:56:48,687:INFO:create_model(estimator=dt, fold=KFold(n_splits=5, random_state=None, shuffle=False), round=4, cross_validation=True, predict=True, fit_kwargs={}, groups=None, refit=False, verbose=False, system=False, metrics=None, experiment_custom_tags=None, add_to_model_list=True, probability_threshold=None, display=<pycaret.internal.Display.Display object at 0x7f8cce99a990>, return_train_score=False, kwargs={})
2023-02-17 12:56:48,687:INFO:Checking exceptions
2023-02-17 12:56:48,687:INFO:Importing libraries
2023-02-17 12:56:48,687:INFO:Copying training dataset
2023-02-17 12:56:48,688:INFO:Defining folds
2023-02-17 12:56:48,688:INFO:Declaring metric variables
2023-02-17 12:56:48,695:INFO:Importing untrained model
2023-02-17 12:56:48,702:INFO:Decision Tree Classifier Imported succesfully
2023-02-17 12:56:48,717:INFO:Starting cross validation
2023-02-17 12:56:48,718:INFO:Cross validating with KFold(n_splits=5, random_state=None, shuffle=False), n_jobs=1
2023-02-17 12:56:48,972:INFO:Calculating mean and std
2023-02-17 12:56:48,973:INFO:Creating metrics dataframe
2023-02-17 12:56:48,977:INFO:Uploading results into container
2023-02-17 12:56:48,978:INFO:Uploading model into container now
2023-02-17 12:56:48,978:INFO:create_model_container: 4
2023-02-17 12:56:48,978:INFO:master_model_container: 4
2023-02-17 12:56:48,978:INFO:display_container: 2
2023-02-17 12:56:48,979:INFO:DecisionTreeClassifier(ccp_alpha=0.0, class_weight=None, criterion='gini',
                       max_depth=None, max_features=None, max_leaf_nodes=None,
                       min_impurity_decrease=0.0, min_impurity_split=None,
                       min_samples_leaf=1, min_samples_split=2,
                       min_weight_fraction_leaf=0.0, presort='deprecated',
                       random_state=2483, splitter='best')
2023-02-17 12:56:48,979:INFO:create_model() succesfully completed......................................
2023-02-17 12:56:49,065:INFO:SubProcess create_model() end ==================================
2023-02-17 12:56:49,066:INFO:Creating metrics dataframe
2023-02-17 12:56:49,078:INFO:Initializing SVM - Linear Kernel
2023-02-17 12:56:49,079:INFO:Total runtime is 0.08086087703704833 minutes
2023-02-17 12:56:49,085:INFO:SubProcess create_model() called ==================================
2023-02-17 12:56:49,085:INFO:Initializing create_model()
2023-02-17 12:56:49,085:INFO:create_model(estimator=svm, fold=KFold(n_splits=5, random_state=None, shuffle=False), round=4, cross_validation=True, predict=True, fit_kwargs={}, groups=None, refit=False, verbose=False, system=False, metrics=None, experiment_custom_tags=None, add_to_model_list=True, probability_threshold=None, display=<pycaret.internal.Display.Display object at 0x7f8cce99a990>, return_train_score=False, kwargs={})
2023-02-17 12:56:49,086:INFO:Checking exceptions
2023-02-17 12:56:49,086:INFO:Importing libraries
2023-02-17 12:56:49,086:INFO:Copying training dataset
2023-02-17 12:56:49,086:INFO:Defining folds
2023-02-17 12:56:49,087:INFO:Declaring metric variables
2023-02-17 12:56:49,094:INFO:Importing untrained model
2023-02-17 12:56:49,101:INFO:SVM - Linear Kernel Imported succesfully
2023-02-17 12:56:49,118:INFO:Starting cross validation
2023-02-17 12:56:49,119:INFO:Cross validating with KFold(n_splits=5, random_state=None, shuffle=False), n_jobs=1
2023-02-17 12:56:49,446:INFO:Calculating mean and std
2023-02-17 12:56:49,448:INFO:Creating metrics dataframe
2023-02-17 12:56:49,456:INFO:Uploading results into container
2023-02-17 12:56:49,456:INFO:Uploading model into container now
2023-02-17 12:56:49,456:INFO:create_model_container: 5
2023-02-17 12:56:49,457:INFO:master_model_container: 5
2023-02-17 12:56:49,457:INFO:display_container: 2
2023-02-17 12:56:49,458:INFO:SGDClassifier(alpha=0.0001, average=False, class_weight=None,
              early_stopping=False, epsilon=0.1, eta0=0.001, fit_intercept=True,
              l1_ratio=0.15, learning_rate='optimal', loss='hinge',
              max_iter=1000, n_iter_no_change=5, n_jobs=-1, penalty='l2',
              power_t=0.5, random_state=2483, shuffle=True, tol=0.001,
              validation_fraction=0.1, verbose=0, warm_start=False)
2023-02-17 12:56:49,458:INFO:create_model() succesfully completed......................................
2023-02-17 12:56:49,553:INFO:SubProcess create_model() end ==================================
2023-02-17 12:56:49,553:INFO:Creating metrics dataframe
2023-02-17 12:56:49,567:INFO:Initializing Ridge Classifier
2023-02-17 12:56:49,567:INFO:Total runtime is 0.0890096624692281 minutes
2023-02-17 12:56:49,574:INFO:SubProcess create_model() called ==================================
2023-02-17 12:56:49,575:INFO:Initializing create_model()
2023-02-17 12:56:49,575:INFO:create_model(estimator=ridge, fold=KFold(n_splits=5, random_state=None, shuffle=False), round=4, cross_validation=True, predict=True, fit_kwargs={}, groups=None, refit=False, verbose=False, system=False, metrics=None, experiment_custom_tags=None, add_to_model_list=True, probability_threshold=None, display=<pycaret.internal.Display.Display object at 0x7f8cce99a990>, return_train_score=False, kwargs={})
2023-02-17 12:56:49,575:INFO:Checking exceptions
2023-02-17 12:56:49,575:INFO:Importing libraries
2023-02-17 12:56:49,575:INFO:Copying training dataset
2023-02-17 12:56:49,576:INFO:Defining folds
2023-02-17 12:56:49,576:INFO:Declaring metric variables
2023-02-17 12:56:49,583:INFO:Importing untrained model
2023-02-17 12:56:49,590:INFO:Ridge Classifier Imported succesfully
2023-02-17 12:56:49,608:INFO:Starting cross validation
2023-02-17 12:56:49,609:INFO:Cross validating with KFold(n_splits=5, random_state=None, shuffle=False), n_jobs=1
2023-02-17 12:56:49,854:INFO:Calculating mean and std
2023-02-17 12:56:49,856:INFO:Creating metrics dataframe
2023-02-17 12:56:49,864:INFO:Uploading results into container
2023-02-17 12:56:49,864:INFO:Uploading model into container now
2023-02-17 12:56:49,864:INFO:create_model_container: 6
2023-02-17 12:56:49,864:INFO:master_model_container: 6
2023-02-17 12:56:49,865:INFO:display_container: 2
2023-02-17 12:56:49,865:INFO:RidgeClassifier(alpha=1.0, class_weight=None, copy_X=True, fit_intercept=True,
                max_iter=None, normalize=False, random_state=2483,
                solver='auto', tol=0.001)
2023-02-17 12:56:49,866:INFO:create_model() succesfully completed......................................
2023-02-17 12:56:49,959:INFO:SubProcess create_model() end ==================================
2023-02-17 12:56:49,959:INFO:Creating metrics dataframe
2023-02-17 12:56:49,970:INFO:Initializing Random Forest Classifier
2023-02-17 12:56:49,971:INFO:Total runtime is 0.09572859605153401 minutes
2023-02-17 12:56:49,977:INFO:SubProcess create_model() called ==================================
2023-02-17 12:56:49,977:INFO:Initializing create_model()
2023-02-17 12:56:49,978:INFO:create_model(estimator=rf, fold=KFold(n_splits=5, random_state=None, shuffle=False), round=4, cross_validation=True, predict=True, fit_kwargs={}, groups=None, refit=False, verbose=False, system=False, metrics=None, experiment_custom_tags=None, add_to_model_list=True, probability_threshold=None, display=<pycaret.internal.Display.Display object at 0x7f8cce99a990>, return_train_score=False, kwargs={})
2023-02-17 12:56:49,978:INFO:Checking exceptions
2023-02-17 12:56:49,978:INFO:Importing libraries
2023-02-17 12:56:49,978:INFO:Copying training dataset
2023-02-17 12:56:49,979:INFO:Defining folds
2023-02-17 12:56:49,979:INFO:Declaring metric variables
2023-02-17 12:56:49,985:INFO:Importing untrained model
2023-02-17 12:56:49,993:INFO:Random Forest Classifier Imported succesfully
2023-02-17 12:56:50,009:INFO:Starting cross validation
2023-02-17 12:56:50,009:INFO:Cross validating with KFold(n_splits=5, random_state=None, shuffle=False), n_jobs=1
2023-02-17 12:56:53,497:INFO:Calculating mean and std
2023-02-17 12:56:53,498:INFO:Creating metrics dataframe
2023-02-17 12:56:53,502:INFO:Uploading results into container
2023-02-17 12:56:53,502:INFO:Uploading model into container now
2023-02-17 12:56:53,502:INFO:create_model_container: 7
2023-02-17 12:56:53,502:INFO:master_model_container: 7
2023-02-17 12:56:53,502:INFO:display_container: 2
2023-02-17 12:56:53,503:INFO:RandomForestClassifier(bootstrap=True, ccp_alpha=0.0, class_weight=None,
                       criterion='gini', max_depth=None, max_features='auto',
                       max_leaf_nodes=None, max_samples=None,
                       min_impurity_decrease=0.0, min_impurity_split=None,
                       min_samples_leaf=1, min_samples_split=2,
                       min_weight_fraction_leaf=0.0, n_estimators=100,
                       n_jobs=-1, oob_score=False, random_state=2483, verbose=0,
                       warm_start=False)
2023-02-17 12:56:53,503:INFO:create_model() succesfully completed......................................
2023-02-17 12:56:53,587:INFO:SubProcess create_model() end ==================================
2023-02-17 12:56:53,587:INFO:Creating metrics dataframe
2023-02-17 12:56:53,599:INFO:Initializing Quadratic Discriminant Analysis
2023-02-17 12:56:53,599:INFO:Total runtime is 0.15620842377344768 minutes
2023-02-17 12:56:53,606:INFO:SubProcess create_model() called ==================================
2023-02-17 12:56:53,606:INFO:Initializing create_model()
2023-02-17 12:56:53,606:INFO:create_model(estimator=qda, fold=KFold(n_splits=5, random_state=None, shuffle=False), round=4, cross_validation=True, predict=True, fit_kwargs={}, groups=None, refit=False, verbose=False, system=False, metrics=None, experiment_custom_tags=None, add_to_model_list=True, probability_threshold=None, display=<pycaret.internal.Display.Display object at 0x7f8cce99a990>, return_train_score=False, kwargs={})
2023-02-17 12:56:53,606:INFO:Checking exceptions
2023-02-17 12:56:53,607:INFO:Importing libraries
2023-02-17 12:56:53,607:INFO:Copying training dataset
2023-02-17 12:56:53,607:INFO:Defining folds
2023-02-17 12:56:53,608:INFO:Declaring metric variables
2023-02-17 12:56:53,615:INFO:Importing untrained model
2023-02-17 12:56:53,621:INFO:Quadratic Discriminant Analysis Imported succesfully
2023-02-17 12:56:53,637:INFO:Starting cross validation
2023-02-17 12:56:53,637:INFO:Cross validating with KFold(n_splits=5, random_state=None, shuffle=False), n_jobs=1
2023-02-17 12:56:53,904:INFO:Calculating mean and std
2023-02-17 12:56:53,906:INFO:Creating metrics dataframe
2023-02-17 12:56:53,914:INFO:Uploading results into container
2023-02-17 12:56:53,914:INFO:Uploading model into container now
2023-02-17 12:56:53,915:INFO:create_model_container: 8
2023-02-17 12:56:53,915:INFO:master_model_container: 8
2023-02-17 12:56:53,915:INFO:display_container: 2
2023-02-17 12:56:53,916:INFO:QuadraticDiscriminantAnalysis(priors=None, reg_param=0.0,
                              store_covariance=False, tol=0.0001)
2023-02-17 12:56:53,916:INFO:create_model() succesfully completed......................................
2023-02-17 12:56:54,003:INFO:SubProcess create_model() end ==================================
2023-02-17 12:56:54,003:INFO:Creating metrics dataframe
2023-02-17 12:56:54,016:INFO:Initializing Ada Boost Classifier
2023-02-17 12:56:54,016:INFO:Total runtime is 0.1631578326225281 minutes
2023-02-17 12:56:54,023:INFO:SubProcess create_model() called ==================================
2023-02-17 12:56:54,023:INFO:Initializing create_model()
2023-02-17 12:56:54,023:INFO:create_model(estimator=ada, fold=KFold(n_splits=5, random_state=None, shuffle=False), round=4, cross_validation=True, predict=True, fit_kwargs={}, groups=None, refit=False, verbose=False, system=False, metrics=None, experiment_custom_tags=None, add_to_model_list=True, probability_threshold=None, display=<pycaret.internal.Display.Display object at 0x7f8cce99a990>, return_train_score=False, kwargs={})
2023-02-17 12:56:54,023:INFO:Checking exceptions
2023-02-17 12:56:54,024:INFO:Importing libraries
2023-02-17 12:56:54,024:INFO:Copying training dataset
2023-02-17 12:56:54,024:INFO:Defining folds
2023-02-17 12:56:54,024:INFO:Declaring metric variables
2023-02-17 12:56:54,031:INFO:Importing untrained model
2023-02-17 12:56:54,037:INFO:Ada Boost Classifier Imported succesfully
2023-02-17 12:56:54,051:INFO:Starting cross validation
2023-02-17 12:56:54,051:INFO:Cross validating with KFold(n_splits=5, random_state=None, shuffle=False), n_jobs=1
2023-02-17 12:56:56,993:INFO:Calculating mean and std
2023-02-17 12:56:56,994:INFO:Creating metrics dataframe
2023-02-17 12:56:56,998:INFO:Uploading results into container
2023-02-17 12:56:56,998:INFO:Uploading model into container now
2023-02-17 12:56:56,998:INFO:create_model_container: 9
2023-02-17 12:56:56,998:INFO:master_model_container: 9
2023-02-17 12:56:56,998:INFO:display_container: 2
2023-02-17 12:56:56,998:INFO:AdaBoostClassifier(algorithm='SAMME.R', base_estimator=None, learning_rate=1.0,
                   n_estimators=50, random_state=2483)
2023-02-17 12:56:56,998:INFO:create_model() succesfully completed......................................
2023-02-17 12:56:57,184:INFO:SubProcess create_model() end ==================================
2023-02-17 12:56:57,184:INFO:Creating metrics dataframe
2023-02-17 12:56:57,198:INFO:Initializing Gradient Boosting Classifier
2023-02-17 12:56:57,199:INFO:Total runtime is 0.21619592507680258 minutes
2023-02-17 12:56:57,205:INFO:SubProcess create_model() called ==================================
2023-02-17 12:56:57,206:INFO:Initializing create_model()
2023-02-17 12:56:57,206:INFO:create_model(estimator=gbc, fold=KFold(n_splits=5, random_state=None, shuffle=False), round=4, cross_validation=True, predict=True, fit_kwargs={}, groups=None, refit=False, verbose=False, system=False, metrics=None, experiment_custom_tags=None, add_to_model_list=True, probability_threshold=None, display=<pycaret.internal.Display.Display object at 0x7f8cce99a990>, return_train_score=False, kwargs={})
2023-02-17 12:56:57,206:INFO:Checking exceptions
2023-02-17 12:56:57,206:INFO:Importing libraries
2023-02-17 12:56:57,206:INFO:Copying training dataset
2023-02-17 12:56:57,207:INFO:Defining folds
2023-02-17 12:56:57,207:INFO:Declaring metric variables
2023-02-17 12:56:57,214:INFO:Importing untrained model
2023-02-17 12:56:57,220:INFO:Gradient Boosting Classifier Imported succesfully
2023-02-17 12:56:57,233:INFO:Starting cross validation
2023-02-17 12:56:57,234:INFO:Cross validating with KFold(n_splits=5, random_state=None, shuffle=False), n_jobs=1
2023-02-17 12:57:08,858:INFO:Calculating mean and std
2023-02-17 12:57:08,859:INFO:Creating metrics dataframe
2023-02-17 12:57:08,864:INFO:Uploading results into container
2023-02-17 12:57:08,864:INFO:Uploading model into container now
2023-02-17 12:57:08,864:INFO:create_model_container: 10
2023-02-17 12:57:08,864:INFO:master_model_container: 10
2023-02-17 12:57:08,865:INFO:display_container: 2
2023-02-17 12:57:08,865:INFO:GradientBoostingClassifier(ccp_alpha=0.0, criterion='friedman_mse', init=None,
                           learning_rate=0.1, loss='deviance', max_depth=3,
                           max_features=None, max_leaf_nodes=None,
                           min_impurity_decrease=0.0, min_impurity_split=None,
                           min_samples_leaf=1, min_samples_split=2,
                           min_weight_fraction_leaf=0.0, n_estimators=100,
                           n_iter_no_change=None, presort='deprecated',
                           random_state=2483, subsample=1.0, tol=0.0001,
                           validation_fraction=0.1, verbose=0,
                           warm_start=False)
2023-02-17 12:57:08,865:INFO:create_model() succesfully completed......................................
2023-02-17 12:57:09,050:INFO:SubProcess create_model() end ==================================
2023-02-17 12:57:09,051:INFO:Creating metrics dataframe
2023-02-17 12:57:09,065:INFO:Initializing Linear Discriminant Analysis
2023-02-17 12:57:09,065:INFO:Total runtime is 0.4139732082684835 minutes
2023-02-17 12:57:09,071:INFO:SubProcess create_model() called ==================================
2023-02-17 12:57:09,072:INFO:Initializing create_model()
2023-02-17 12:57:09,072:INFO:create_model(estimator=lda, fold=KFold(n_splits=5, random_state=None, shuffle=False), round=4, cross_validation=True, predict=True, fit_kwargs={}, groups=None, refit=False, verbose=False, system=False, metrics=None, experiment_custom_tags=None, add_to_model_list=True, probability_threshold=None, display=<pycaret.internal.Display.Display object at 0x7f8cce99a990>, return_train_score=False, kwargs={})
2023-02-17 12:57:09,072:INFO:Checking exceptions
2023-02-17 12:57:09,072:INFO:Importing libraries
2023-02-17 12:57:09,072:INFO:Copying training dataset
2023-02-17 12:57:09,073:INFO:Defining folds
2023-02-17 12:57:09,074:INFO:Declaring metric variables
2023-02-17 12:57:09,081:INFO:Importing untrained model
2023-02-17 12:57:09,088:INFO:Linear Discriminant Analysis Imported succesfully
2023-02-17 12:57:09,103:INFO:Starting cross validation
2023-02-17 12:57:09,104:INFO:Cross validating with KFold(n_splits=5, random_state=None, shuffle=False), n_jobs=1
2023-02-17 12:57:09,550:INFO:Calculating mean and std
2023-02-17 12:57:09,551:INFO:Creating metrics dataframe
2023-02-17 12:57:09,557:INFO:Uploading results into container
2023-02-17 12:57:09,557:INFO:Uploading model into container now
2023-02-17 12:57:09,557:INFO:create_model_container: 11
2023-02-17 12:57:09,557:INFO:master_model_container: 11
2023-02-17 12:57:09,558:INFO:display_container: 2
2023-02-17 12:57:09,558:INFO:LinearDiscriminantAnalysis(n_components=None, priors=None, shrinkage=None,
                           solver='svd', store_covariance=False, tol=0.0001)
2023-02-17 12:57:09,558:INFO:create_model() succesfully completed......................................
2023-02-17 12:57:09,638:INFO:SubProcess create_model() end ==================================
2023-02-17 12:57:09,638:INFO:Creating metrics dataframe
2023-02-17 12:57:09,651:INFO:Initializing Extra Trees Classifier
2023-02-17 12:57:09,651:INFO:Total runtime is 0.42373665173848474 minutes
2023-02-17 12:57:09,659:INFO:SubProcess create_model() called ==================================
2023-02-17 12:57:09,659:INFO:Initializing create_model()
2023-02-17 12:57:09,659:INFO:create_model(estimator=et, fold=KFold(n_splits=5, random_state=None, shuffle=False), round=4, cross_validation=True, predict=True, fit_kwargs={}, groups=None, refit=False, verbose=False, system=False, metrics=None, experiment_custom_tags=None, add_to_model_list=True, probability_threshold=None, display=<pycaret.internal.Display.Display object at 0x7f8cce99a990>, return_train_score=False, kwargs={})
2023-02-17 12:57:09,660:INFO:Checking exceptions
2023-02-17 12:57:09,660:INFO:Importing libraries
2023-02-17 12:57:09,660:INFO:Copying training dataset
2023-02-17 12:57:09,661:INFO:Defining folds
2023-02-17 12:57:09,661:INFO:Declaring metric variables
2023-02-17 12:57:09,668:INFO:Importing untrained model
2023-02-17 12:57:09,676:INFO:Extra Trees Classifier Imported succesfully
2023-02-17 12:57:09,701:INFO:Starting cross validation
2023-02-17 12:57:09,702:INFO:Cross validating with KFold(n_splits=5, random_state=None, shuffle=False), n_jobs=1
2023-02-17 12:57:12,903:INFO:Calculating mean and std
2023-02-17 12:57:12,904:INFO:Creating metrics dataframe
2023-02-17 12:57:12,907:INFO:Uploading results into container
2023-02-17 12:57:12,907:INFO:Uploading model into container now
2023-02-17 12:57:12,907:INFO:create_model_container: 12
2023-02-17 12:57:12,907:INFO:master_model_container: 12
2023-02-17 12:57:12,908:INFO:display_container: 2
2023-02-17 12:57:12,908:INFO:ExtraTreesClassifier(bootstrap=False, ccp_alpha=0.0, class_weight=None,
                     criterion='gini', max_depth=None, max_features='auto',
                     max_leaf_nodes=None, max_samples=None,
                     min_impurity_decrease=0.0, min_impurity_split=None,
                     min_samples_leaf=1, min_samples_split=2,
                     min_weight_fraction_leaf=0.0, n_estimators=100, n_jobs=-1,
                     oob_score=False, random_state=2483, verbose=0,
                     warm_start=False)
2023-02-17 12:57:12,908:INFO:create_model() succesfully completed......................................
2023-02-17 12:57:12,991:INFO:SubProcess create_model() end ==================================
2023-02-17 12:57:12,991:INFO:Creating metrics dataframe
2023-02-17 12:57:13,003:INFO:Initializing Light Gradient Boosting Machine
2023-02-17 12:57:13,003:INFO:Total runtime is 0.4796055515607198 minutes
2023-02-17 12:57:13,009:INFO:SubProcess create_model() called ==================================
2023-02-17 12:57:13,009:INFO:Initializing create_model()
2023-02-17 12:57:13,009:INFO:create_model(estimator=lightgbm, fold=KFold(n_splits=5, random_state=None, shuffle=False), round=4, cross_validation=True, predict=True, fit_kwargs={}, groups=None, refit=False, verbose=False, system=False, metrics=None, experiment_custom_tags=None, add_to_model_list=True, probability_threshold=None, display=<pycaret.internal.Display.Display object at 0x7f8cce99a990>, return_train_score=False, kwargs={})
2023-02-17 12:57:13,009:INFO:Checking exceptions
2023-02-17 12:57:13,010:INFO:Importing libraries
2023-02-17 12:57:13,010:INFO:Copying training dataset
2023-02-17 12:57:13,010:INFO:Defining folds
2023-02-17 12:57:13,011:INFO:Declaring metric variables
2023-02-17 12:57:13,016:INFO:Importing untrained model
2023-02-17 12:57:13,023:INFO:Light Gradient Boosting Machine Imported succesfully
2023-02-17 12:57:13,037:INFO:Starting cross validation
2023-02-17 12:57:13,037:INFO:Cross validating with KFold(n_splits=5, random_state=None, shuffle=False), n_jobs=1
2023-02-17 12:57:13,740:INFO:Calculating mean and std
2023-02-17 12:57:13,741:INFO:Creating metrics dataframe
2023-02-17 12:57:13,745:INFO:Uploading results into container
2023-02-17 12:57:13,745:INFO:Uploading model into container now
2023-02-17 12:57:13,746:INFO:create_model_container: 13
2023-02-17 12:57:13,746:INFO:master_model_container: 13
2023-02-17 12:57:13,746:INFO:display_container: 2
2023-02-17 12:57:13,746:INFO:LGBMClassifier(boosting_type='gbdt', class_weight=None, colsample_bytree=1.0,
               importance_type='split', learning_rate=0.1, max_depth=-1,
               min_child_samples=20, min_child_weight=0.001, min_split_gain=0.0,
               n_estimators=100, n_jobs=-1, num_leaves=31, objective=None,
               random_state=2483, reg_alpha=0.0, reg_lambda=0.0, silent=True,
               subsample=1.0, subsample_for_bin=200000, subsample_freq=0)
2023-02-17 12:57:13,746:INFO:create_model() succesfully completed......................................
2023-02-17 12:57:13,823:INFO:SubProcess create_model() end ==================================
2023-02-17 12:57:13,823:INFO:Creating metrics dataframe
2023-02-17 12:57:13,835:INFO:Initializing Dummy Classifier
2023-02-17 12:57:13,836:INFO:Total runtime is 0.493484103679657 minutes
2023-02-17 12:57:13,842:INFO:SubProcess create_model() called ==================================
2023-02-17 12:57:13,842:INFO:Initializing create_model()
2023-02-17 12:57:13,842:INFO:create_model(estimator=dummy, fold=KFold(n_splits=5, random_state=None, shuffle=False), round=4, cross_validation=True, predict=True, fit_kwargs={}, groups=None, refit=False, verbose=False, system=False, metrics=None, experiment_custom_tags=None, add_to_model_list=True, probability_threshold=None, display=<pycaret.internal.Display.Display object at 0x7f8cce99a990>, return_train_score=False, kwargs={})
2023-02-17 12:57:13,842:INFO:Checking exceptions
2023-02-17 12:57:13,842:INFO:Importing libraries
2023-02-17 12:57:13,843:INFO:Copying training dataset
2023-02-17 12:57:13,843:INFO:Defining folds
2023-02-17 12:57:13,843:INFO:Declaring metric variables
2023-02-17 12:57:13,850:INFO:Importing untrained model
2023-02-17 12:57:13,856:INFO:Dummy Classifier Imported succesfully
2023-02-17 12:57:13,871:INFO:Starting cross validation
2023-02-17 12:57:13,871:INFO:Cross validating with KFold(n_splits=5, random_state=None, shuffle=False), n_jobs=1
2023-02-17 12:57:13,941:INFO:Calculating mean and std
2023-02-17 12:57:13,941:INFO:Creating metrics dataframe
2023-02-17 12:57:13,945:INFO:Uploading results into container
2023-02-17 12:57:13,946:INFO:Uploading model into container now
2023-02-17 12:57:13,946:INFO:create_model_container: 14
2023-02-17 12:57:13,946:INFO:master_model_container: 14
2023-02-17 12:57:13,946:INFO:display_container: 2
2023-02-17 12:57:13,946:INFO:DummyClassifier(constant=None, random_state=2483, strategy='prior')
2023-02-17 12:57:13,946:INFO:create_model() succesfully completed......................................
2023-02-17 12:57:14,024:INFO:SubProcess create_model() end ==================================
2023-02-17 12:57:14,024:INFO:Creating metrics dataframe
2023-02-17 12:57:14,056:INFO:Initializing create_model()
2023-02-17 12:57:14,056:INFO:create_model(estimator=LogisticRegression(C=1.0, class_weight=None, dual=False, fit_intercept=True,
                   intercept_scaling=1, l1_ratio=None, max_iter=1000,
                   multi_class='auto', n_jobs=None, penalty='l2',
                   random_state=2483, solver='lbfgs', tol=0.0001, verbose=0,
                   warm_start=False), fold=KFold(n_splits=5, random_state=None, shuffle=False), round=4, cross_validation=False, predict=False, fit_kwargs={}, groups=None, refit=True, verbose=False, system=False, metrics=None, experiment_custom_tags=None, add_to_model_list=True, probability_threshold=None, display=None, return_train_score=False, kwargs={})
2023-02-17 12:57:14,056:INFO:Checking exceptions
2023-02-17 12:57:14,057:INFO:Importing libraries
2023-02-17 12:57:14,057:INFO:Copying training dataset
2023-02-17 12:57:14,057:INFO:Defining folds
2023-02-17 12:57:14,057:INFO:Declaring metric variables
2023-02-17 12:57:14,058:INFO:Importing untrained model
2023-02-17 12:57:14,058:INFO:Declaring custom model
2023-02-17 12:57:14,059:INFO:Logistic Regression Imported succesfully
2023-02-17 12:57:14,059:INFO:Cross validation set to False
2023-02-17 12:57:14,059:INFO:Fitting Model
2023-02-17 12:57:14,280:INFO:LogisticRegression(C=1.0, class_weight=None, dual=False, fit_intercept=True,
                   intercept_scaling=1, l1_ratio=None, max_iter=1000,
                   multi_class='auto', n_jobs=None, penalty='l2',
                   random_state=2483, solver='lbfgs', tol=0.0001, verbose=0,
                   warm_start=False)
2023-02-17 12:57:14,280:INFO:create_models() succesfully completed......................................
2023-02-17 12:57:14,414:INFO:create_model_container: 14
2023-02-17 12:57:14,414:INFO:master_model_container: 14
2023-02-17 12:57:14,414:INFO:display_container: 2
2023-02-17 12:57:14,415:INFO:LogisticRegression(C=1.0, class_weight=None, dual=False, fit_intercept=True,
                   intercept_scaling=1, l1_ratio=None, max_iter=1000,
                   multi_class='auto', n_jobs=None, penalty='l2',
                   random_state=2483, solver='lbfgs', tol=0.0001, verbose=0,
                   warm_start=False)
2023-02-17 12:57:14,415:INFO:compare_models() succesfully completed......................................
2023-02-17 12:57:14,475:INFO:Initializing predict_model()
2023-02-17 12:57:14,476:INFO:predict_model(estimator=LogisticRegression(C=1.0, class_weight=None, dual=False, fit_intercept=True,
                   intercept_scaling=1, l1_ratio=None, max_iter=1000,
                   multi_class='auto', n_jobs=None, penalty='l2',
                   random_state=2483, solver='lbfgs', tol=0.0001, verbose=0,
                   warm_start=False), probability_threshold=None, encoded_labels=False, drift_report=False, raw_score=False, round=4, verbose=True, ml_usecase=MLUsecase.CLASSIFICATION, display=None, drift_kwargs=None)
2023-02-17 12:57:14,476:INFO:Checking exceptions
2023-02-17 12:57:14,476:INFO:Preloading libraries
2023-02-17 12:57:14,477:INFO:Preparing display monitor
2023-02-17 13:03:41,225:INFO:Initializing predict_model()
2023-02-17 13:03:41,225:INFO:predict_model(estimator=LogisticRegression(C=1.0, class_weight=None, dual=False, fit_intercept=True,
                   intercept_scaling=1, l1_ratio=None, max_iter=1000,
                   multi_class='auto', n_jobs=None, penalty='l2',
                   random_state=2483, solver='lbfgs', tol=0.0001, verbose=0,
                   warm_start=False), probability_threshold=None, encoded_labels=False, drift_report=False, raw_score=False, round=4, verbose=True, ml_usecase=MLUsecase.CLASSIFICATION, display=None, drift_kwargs=None)
2023-02-17 13:03:41,225:INFO:Checking exceptions
2023-02-17 13:03:41,226:INFO:Preloading libraries
2023-02-17 13:03:41,226:INFO:Preparing display monitor
